<?xml version="1.0" encoding="UTF-8"?>
<!-- Generated by org.testng.reporters.JUnitXMLReporter -->
<testsuite hostname="LAPTOP-5MGB5DIU" name="Default test" tests="2" failures="0" timestamp="15 Sep 2020 15:52:16 GMT" time="144.831" errors="0">
  <testcase name="signUpHoverMenuTest" time="6.856" classname="com.technocredits.snapdeal.testscripts.SnapDealSignupTest"/>
  <testcase name="verifySignUpUsingFBTest" time="78.839" classname="com.technocredits.snapdeal.testscripts.SnapDealSignupTest"/>
</testsuite> <!-- Default test -->
