<?xml version="1.0" encoding="UTF-8"?>
<testng-results skipped="0" failed="0" total="1" passed="1">
  <reporter-output>
  </reporter-output>
  <suite name="Default suite" duration-ms="32931" started-at="2020-09-18T16:59:07Z" finished-at="2020-09-18T16:59:40Z">
    <groups>
    </groups>
    <test name="Default test" duration-ms="32931" started-at="2020-09-18T16:59:07Z" finished-at="2020-09-18T16:59:40Z">
      <class name="com.technocredits.snapdeal.testscripts.SnapDealLoginTest">
        <test-method status="PASS" signature="setup()[pri:0, instance:com.technocredits.snapdeal.testscripts.SnapDealLoginTest@18be83e4]" name="setup" is-config="true" duration-ms="15925" started-at="2020-09-18T22:29:09Z" finished-at="2020-09-18T22:29:25Z">
          <reporter-output>
          </reporter-output>
        </test-method> <!-- setup -->
        <test-method status="PASS" signature="loginVerification(java.lang.String, java.lang.String, java.lang.String)[pri:0, instance:com.technocredits.snapdeal.testscripts.SnapDealLoginTest@18be83e4]" name="loginVerification" duration-ms="12406" started-at="2020-09-18T22:29:25Z" data-provider="loginDataProvider" finished-at="2020-09-18T22:29:37Z">
          <params>
            <param index="0">
              <value>
                <![CDATA[8485033276]]>
              </value>
            </param>
            <param index="1">
              <value>
                <![CDATA[viplove01]]>
              </value>
            </param>
            <param index="2">
              <value>
                <![CDATA[Aavruti]]>
              </value>
            </param>
          </params>
          <reporter-output>
          </reporter-output>
        </test-method> <!-- loginVerification -->
        <test-method status="PASS" signature="teardown(org.testng.ITestResult)[pri:0, instance:com.technocredits.snapdeal.testscripts.SnapDealLoginTest@18be83e4]" name="teardown" is-config="true" duration-ms="2904" started-at="2020-09-18T22:29:37Z" finished-at="2020-09-18T22:29:40Z">
          <params>
            <param index="0">
              <value>
                <![CDATA[[TestResult name=loginVerification status=SUCCESS method=SnapDealLoginTest.loginVerification(java.lang.String, java.lang.String, java.lang.String)[pri:0, instance:com.technocredits.snapdeal.testscripts.SnapDealLoginTest@18be83e4] output={null}]]]>
              </value>
            </param>
          </params>
          <reporter-output>
          </reporter-output>
        </test-method> <!-- teardown -->
      </class> <!-- com.technocredits.snapdeal.testscripts.SnapDealLoginTest -->
    </test> <!-- Default test -->
  </suite> <!-- Default suite -->
</testng-results>
