<?xml version="1.0" encoding="UTF-8"?>
<testng-results skipped="0" failed="0" total="2" passed="2">
  <reporter-output>
  </reporter-output>
  <suite name="Default suite" duration-ms="144831" started-at="2020-09-15T15:49:49Z" finished-at="2020-09-15T15:52:14Z">
    <groups>
    </groups>
    <test name="Default test" duration-ms="144831" started-at="2020-09-15T15:49:49Z" finished-at="2020-09-15T15:52:14Z">
      <class name="com.technocredits.snapdeal.testscripts.SnapDealSignupTest">
        <test-method status="PASS" signature="setup()[pri:0, instance:com.technocredits.snapdeal.testscripts.SnapDealSignupTest@3a82f6ef]" name="setup" is-config="true" duration-ms="36912" started-at="2020-09-15T21:19:49Z" finished-at="2020-09-15T21:20:26Z">
          <reporter-output>
          </reporter-output>
        </test-method> <!-- setup -->
        <test-method status="PASS" signature="signUpHoverMenuTest()[pri:0, instance:com.technocredits.snapdeal.testscripts.SnapDealSignupTest@3a82f6ef]" name="signUpHoverMenuTest" duration-ms="6856" started-at="2020-09-15T21:20:26Z" finished-at="2020-09-15T21:20:33Z">
          <reporter-output>
          </reporter-output>
        </test-method> <!-- signUpHoverMenuTest -->
        <test-method status="PASS" signature="teardown()[pri:0, instance:com.technocredits.snapdeal.testscripts.SnapDealSignupTest@3a82f6ef]" name="teardown" is-config="true" duration-ms="2379" started-at="2020-09-15T21:20:33Z" finished-at="2020-09-15T21:20:36Z">
          <reporter-output>
          </reporter-output>
        </test-method> <!-- teardown -->
        <test-method status="PASS" signature="setup()[pri:0, instance:com.technocredits.snapdeal.testscripts.SnapDealSignupTest@3a82f6ef]" name="setup" is-config="true" duration-ms="18358" started-at="2020-09-15T21:20:36Z" finished-at="2020-09-15T21:20:54Z">
          <reporter-output>
          </reporter-output>
        </test-method> <!-- setup -->
        <test-method status="PASS" signature="verifySignUpUsingFBTest()[pri:0, instance:com.technocredits.snapdeal.testscripts.SnapDealSignupTest@3a82f6ef]" name="verifySignUpUsingFBTest" duration-ms="78839" started-at="2020-09-15T21:20:54Z" finished-at="2020-09-15T21:22:13Z">
          <reporter-output>
          </reporter-output>
        </test-method> <!-- verifySignUpUsingFBTest -->
        <test-method status="PASS" signature="teardown()[pri:0, instance:com.technocredits.snapdeal.testscripts.SnapDealSignupTest@3a82f6ef]" name="teardown" is-config="true" duration-ms="1422" started-at="2020-09-15T21:22:13Z" finished-at="2020-09-15T21:22:14Z">
          <reporter-output>
          </reporter-output>
        </test-method> <!-- teardown -->
      </class> <!-- com.technocredits.snapdeal.testscripts.SnapDealSignupTest -->
    </test> <!-- Default test -->
  </suite> <!-- Default suite -->
</testng-results>
